# JRE version: Java(TM) SE Runtime Environment (8.0_92-b14) (build 1.8.0_92-b14)
# Java VM: Java HotSpot(TM) 64-Bit Server VM (25.92-b14 mixed mode windows-amd64 compressed oops)
Heap:
 PSYoungGen      total 201216K, used 150985K [0x00000000d6300000, 0x00000000e3c00000, 0x0000000100000000)
  eden space 189952K, 79% used [0x00000000d6300000,0x00000000df672760,0x00000000e1c80000)
  from space 11264K, 0% used [0x00000000e3100000,0x00000000e3100000,0x00000000e3c00000)
  to   space 12288K, 0% used [0x00000000e2400000,0x00000000e2400000,0x00000000e3000000)
 ParOldGen       total 99328K, used 24682K [0x0000000082800000, 0x0000000088900000, 0x00000000d6300000)
  object space 99328K, 24% used [0x0000000082800000,0x000000008401a898,0x0000000088900000)
 Metaspace       used 36505K, capacity 36996K, committed 37248K, reserved 1081344K
  class space    used 4324K, capacity 4451K, committed 4480K, reserved 1048576K
GC Heap History (10 events):
Event: 1.550 GC heap before
{Heap before GC invocations=4 (full 0):
 PSYoungGen      total 70656K, used 50253K [0x00000000d6300000, 0x00000000ded00000, 0x0000000100000000)
  eden space 65536K, 68% used [0x00000000d6300000,0x00000000d8f19438,0x00000000da300000)
  from space 5120K, 99% used [0x00000000da300000,0x00000000da7fa020,0x00000000da800000)
  to   space 5120K, 0% used [0x00000000de800000,0x00000000de800000,0x00000000ded00000)
 ParOldGen       total 86016K, used 13490K [0x0000000082800000, 0x0000000087c00000, 0x00000000d6300000)
  object space 86016K, 15% used [0x0000000082800000,0x000000008352ca30,0x0000000087c00000)
 Metaspace       used 20863K, capacity 21052K, committed 21296K, reserved 1069056K
  class space    used 2542K, capacity 2589K, committed 2688K, reserved 1048576K
Event: 1.559 GC heap after
Heap after GC invocations=4 (full 0):
 PSYoungGen      total 136192K, used 5112K [0x00000000d6300000, 0x00000000ded00000, 0x0000000100000000)
  eden space 131072K, 0% used [0x00000000d6300000,0x00000000d6300000,0x00000000de300000)
  from space 5120K, 99% used [0x00000000de800000,0x00000000decfe050,0x00000000ded00000)
  to   space 5120K, 0% used [0x00000000de300000,0x00000000de300000,0x00000000de800000)
 ParOldGen       total 86016K, used 17358K [0x0000000082800000, 0x0000000087c00000, 0x00000000d6300000)
  object space 86016K, 20% used [0x0000000082800000,0x00000000838f3bc0,0x0000000087c00000)
 Metaspace       used 20863K, capacity 21052K, committed 21296K, reserved 1069056K
  class space    used 2542K, capacity 2589K, committed 2688K, reserved 1048576K
}
Event: 1.559 GC heap before
{Heap before GC invocations=5 (full 1):
 PSYoungGen      total 136192K, used 5112K [0x00000000d6300000, 0x00000000ded00000, 0x0000000100000000)
  eden space 131072K, 0% used [0x00000000d6300000,0x00000000d6300000,0x00000000de300000)
  from space 5120K, 99% used [0x00000000de800000,0x00000000decfe050,0x00000000ded00000)
  to   space 5120K, 0% used [0x00000000de300000,0x00000000de300000,0x00000000de800000)
 ParOldGen       total 86016K, used 17358K [0x0000000082800000, 0x0000000087c00000, 0x00000000d6300000)
  object space 86016K, 20% used [0x0000000082800000,0x00000000838f3bc0,0x0000000087c00000)
 Metaspace       used 20863K, capacity 21052K, committed 21296K, reserved 1069056K
  class space    used 2542K, capacity 2589K, committed 2688K, reserved 1048576K
Event: 1.604 GC heap after
Heap after GC invocations=5 (full 1):
 PSYoungGen      total 136192K, used 0K [0x00000000d6300000, 0x00000000ded00000, 0x0000000100000000)
  eden space 131072K, 0% used [0x00000000d6300000,0x00000000d6300000,0x00000000de300000)
  from space 5120K, 0% used [0x00000000de800000,0x00000000de800000,0x00000000ded00000)
  to   space 5120K, 0% used [0x00000000de300000,0x00000000de300000,0x00000000de800000)
 ParOldGen       total 65536K, used 11862K [0x0000000082800000, 0x0000000086800000, 0x00000000d6300000)
  object space 65536K, 18% used [0x0000000082800000,0x00000000833958d8,0x0000000086800000)
 Metaspace       used 20863K, capacity 21052K, committed 21296K, reserved 1069056K
  class space    used 2542K, capacity 2589K, committed 2688K, reserved 1048576K
}
Event: 2.781 GC heap before
{Heap before GC invocations=6 (full 1):
 PSYoungGen      total 136192K, used 131072K [0x00000000d6300000, 0x00000000ded00000, 0x0000000100000000)
  eden space 131072K, 100% used [0x00000000d6300000,0x00000000de300000,0x00000000de300000)
  from space 5120K, 0% used [0x00000000de800000,0x00000000de800000,0x00000000ded00000)
  to   space 5120K, 0% used [0x00000000de300000,0x00000000de300000,0x00000000de800000)
 ParOldGen       total 65536K, used 11862K [0x0000000082800000, 0x0000000086800000, 0x00000000d6300000)
  object space 65536K, 18% used [0x0000000082800000,0x00000000833958d8,0x0000000086800000)
 Metaspace       used 28926K, capacity 29240K, committed 29568K, reserved 1075200K
  class space    used 3538K, capacity 3645K, committed 3712K, reserved 1048576K
Event: 2.806 GC heap after
Heap after GC invocations=6 (full 1):
 PSYoungGen      total 136192K, used 5104K [0x00000000d6300000, 0x00000000e3c80000, 0x0000000100000000)
  eden space 131072K, 0% used [0x00000000d6300000,0x00000000d6300000,0x00000000de300000)
  from space 5120K, 99% used [0x00000000de300000,0x00000000de7fc020,0x00000000de800000)
  to   space 11776K, 0% used [0x00000000e3100000,0x00000000e3100000,0x00000000e3c80000)
 ParOldGen       total 65536K, used 18516K [0x0000000082800000, 0x0000000086800000, 0x00000000d6300000)
  object space 65536K, 28% used [0x0000000082800000,0x0000000083a153d8,0x0000000086800000)
 Metaspace       used 28926K, capacity 29240K, committed 29568K, reserved 1075200K
  class space    used 3538K, capacity 3645K, committed 3712K, reserved 1048576K
}
Event: 210.897 GC heap before
{Heap before GC invocations=7 (full 1):
 PSYoungGen      total 136192K, used 106674K [0x00000000d6300000, 0x00000000e3c80000, 0x0000000100000000)
  eden space 131072K, 77% used [0x00000000d6300000,0x00000000dc630a68,0x00000000de300000)
  from space 5120K, 99% used [0x00000000de300000,0x00000000de7fc020,0x00000000de800000)
  to   space 11776K, 0% used [0x00000000e3100000,0x00000000e3100000,0x00000000e3c80000)
 ParOldGen       total 65536K, used 18516K [0x0000000082800000, 0x0000000086800000, 0x00000000d6300000)
  object space 65536K, 28% used [0x0000000082800000,0x0000000083a153d8,0x0000000086800000)
 Metaspace       used 34739K, capacity 35232K, committed 35456K, reserved 1081344K
  class space    used 4257K, capacity 4383K, committed 4480K, reserved 1048576K
Event: 210.908 GC heap after
Heap after GC invocations=7 (full 1):
 PSYoungGen      total 201216K, used 10756K [0x00000000d6300000, 0x00000000e3c00000, 0x0000000100000000)
  eden space 189952K, 0% used [0x00000000d6300000,0x00000000d6300000,0x00000000e1c80000)
  from space 11264K, 95% used [0x00000000e3100000,0x00000000e3b81018,0x00000000e3c00000)
  to   space 12288K, 0% used [0x00000000e2400000,0x00000000e2400000,0x00000000e3000000)
 ParOldGen       total 65536K, used 18524K [0x0000000082800000, 0x0000000086800000, 0x00000000d6300000)
  object space 65536K, 28% used [0x0000000082800000,0x0000000083a173d8,0x0000000086800000)
 Metaspace       used 34739K, capacity 35232K, committed 35456K, reserved 1081344K
  class space    used 4257K, capacity 4383K, committed 4480K, reserved 1048576K
}
Event: 210.908 GC heap before
{Heap before GC invocations=8 (full 2):
 PSYoungGen      total 201216K, used 10756K [0x00000000d6300000, 0x00000000e3c00000, 0x0000000100000000)
  eden space 189952K, 0% used [0x00000000d6300000,0x00000000d6300000,0x00000000e1c80000)
  from space 11264K, 95% used [0x00000000e3100000,0x00000000e3b81018,0x00000000e3c00000)
  to   space 12288K, 0% used [0x00000000e2400000,0x00000000e2400000,0x00000000e3000000)
 ParOldGen       total 65536K, used 18524K [0x0000000082800000, 0x0000000086800000, 0x00000000d6300000)
  object space 65536K, 28% used [0x0000000082800000,0x0000000083a173d8,0x0000000086800000)
 Metaspace       used 34739K, capacity 35232K, committed 35456K, reserved 1081344K
  class space    used 4257K, capacity 4383K, committed 4480K, reserved 1048576K
Event: 210.968 GC heap after
Heap after GC invocations=8 (full 2):
 PSYoungGen      total 201216K, used 0K [0x00000000d6300000, 0x00000000e3c00000, 0x0000000100000000)
  eden space 189952K, 0% used [0x00000000d6300000,0x00000000d6300000,0x00000000e1c80000)
  from space 11264K, 0% used [0x00000000e3100000,0x00000000e3100000,0x00000000e3c00000)
  to   space 12288K, 0% used [0x00000000e2400000,0x00000000e2400000,0x00000000e3000000)
 ParOldGen       total 99328K, used 24682K [0x0000000082800000, 0x0000000088900000, 0x00000000d6300000)
  object space 99328K, 24% used [0x0000000082800000,0x000000008401a898,0x0000000088900000)
 Metaspace       used 34739K, capacity 35232K, committed 35456K, reserved 1081344K
  class space    used 4257K, capacity 4383K, committed 4480K, reserved 1048576K
}

